2025-04-23 13:39:04,101 DEBUG    root            Loaded Command Group: ['gcloud', 'components']
2025-04-23 13:39:04,103 DEBUG    root            Loaded Command Group: ['gcloud', 'components', 'update']
2025-04-23 13:39:04,105 DEBUG    root            Running [gcloud.components.update] with arguments: [--quiet: "True", COMPONENT-IDS:8: "['gcloud', 'core', 'bq', 'gsutil', 'compute', 'preview', 'alpha', 'beta']"]
2025-04-23 13:39:04,106 INFO     ___FILE_ONLY___ Beginning update. This process may take several minutes.

2025-04-23 13:39:04,114 DEBUG    urllib3.connectionpool Starting new HTTPS connection (1): dl.google.com:443
2025-04-23 13:39:05,096 DEBUG    urllib3.connectionpool https://dl.google.com:443 "GET /dl/cloudsdk/channels/rapid/components-2.json HTTP/11" 200 226135
2025-04-23 13:39:05,115 WARNING  root            Component [compute] no longer exists.
2025-04-23 13:39:05,116 INFO     ___FILE_ONLY___ 

2025-04-23 13:39:05,116 INFO     ___FILE_ONLY___ 
Your current Google Cloud CLI version is: 519.0.0

2025-04-23 13:39:05,116 INFO     ___FILE_ONLY___ Installing components from version: 519.0.0

2025-04-23 13:39:05,116 INFO     ___FILE_ONLY___ 

2025-04-23 13:39:05,116 DEBUG    root            Chosen display Format:table[box,title="These components will be removed."](details.display_name:label=Name:align=left,version.version_string:label=Version:align=right,data.size.size(zero="",min=1048576):label=Size:align=right)
2025-04-23 13:39:05,117 DEBUG    root            Chosen display Format:table[box,title="These components will be updated."](details.display_name:label=Name:align=left,version.version_string:label=Version:align=right,data.size.size(zero="",min=1048576):label=Size:align=right)
2025-04-23 13:39:05,117 DEBUG    root            Chosen display Format:table[box,title="These components will be installed."](details.display_name:label=Name:align=left,version.version_string:label=Version:align=right,data.size.size(zero="",min=1048576):label=Size:align=right)
2025-04-23 13:39:05,131 INFO     ___FILE_ONLY___ ┌────────────────────────────────────────────────┐
2025-04-23 13:39:05,131 INFO     ___FILE_ONLY___ 

2025-04-23 13:39:05,131 INFO     ___FILE_ONLY___ │      These components will be installed.       │
2025-04-23 13:39:05,131 INFO     ___FILE_ONLY___ 

2025-04-23 13:39:05,131 INFO     ___FILE_ONLY___ ├─────────────────────────┬────────────┬─────────┤
2025-04-23 13:39:05,131 INFO     ___FILE_ONLY___ 

2025-04-23 13:39:05,131 INFO     ___FILE_ONLY___ │           Name          │  Version   │   Size  │
2025-04-23 13:39:05,131 INFO     ___FILE_ONLY___ 

2025-04-23 13:39:05,131 INFO     ___FILE_ONLY___ ├─────────────────────────┼────────────┼─────────┤
2025-04-23 13:39:05,131 INFO     ___FILE_ONLY___ 

2025-04-23 13:39:05,131 INFO     ___FILE_ONLY___ │ 
2025-04-23 13:39:05,131 INFO     ___FILE_ONLY___ gcloud Alpha Commands  
2025-04-23 13:39:05,131 INFO     ___FILE_ONLY___  
2025-04-23 13:39:05,131 INFO     ___FILE_ONLY___ │ 
2025-04-23 13:39:05,132 INFO     ___FILE_ONLY___ 2025.04.18
2025-04-23 13:39:05,132 INFO     ___FILE_ONLY___  
2025-04-23 13:39:05,132 INFO     ___FILE_ONLY___ │ 
2025-04-23 13:39:05,132 INFO     ___FILE_ONLY___ < 1 MiB
2025-04-23 13:39:05,132 INFO     ___FILE_ONLY___  
2025-04-23 13:39:05,132 INFO     ___FILE_ONLY___ │
2025-04-23 13:39:05,132 INFO     ___FILE_ONLY___ 

2025-04-23 13:39:05,132 INFO     ___FILE_ONLY___ │ 
2025-04-23 13:39:05,132 INFO     ___FILE_ONLY___ gcloud Beta Commands   
2025-04-23 13:39:05,132 INFO     ___FILE_ONLY___  
2025-04-23 13:39:05,132 INFO     ___FILE_ONLY___ │ 
2025-04-23 13:39:05,132 INFO     ___FILE_ONLY___ 2025.04.18
2025-04-23 13:39:05,132 INFO     ___FILE_ONLY___  
2025-04-23 13:39:05,132 INFO     ___FILE_ONLY___ │ 
2025-04-23 13:39:05,132 INFO     ___FILE_ONLY___ < 1 MiB
2025-04-23 13:39:05,132 INFO     ___FILE_ONLY___  
2025-04-23 13:39:05,132 INFO     ___FILE_ONLY___ │
2025-04-23 13:39:05,132 INFO     ___FILE_ONLY___ 

2025-04-23 13:39:05,132 INFO     ___FILE_ONLY___ │ 
2025-04-23 13:39:05,132 INFO     ___FILE_ONLY___ gcloud Preview Commands
2025-04-23 13:39:05,132 INFO     ___FILE_ONLY___  
2025-04-23 13:39:05,133 INFO     ___FILE_ONLY___ │ 
2025-04-23 13:39:05,133 INFO     ___FILE_ONLY___           
2025-04-23 13:39:05,133 INFO     ___FILE_ONLY___  
2025-04-23 13:39:05,133 INFO     ___FILE_ONLY___ │ 
2025-04-23 13:39:05,133 INFO     ___FILE_ONLY___ < 1 MiB
2025-04-23 13:39:05,133 INFO     ___FILE_ONLY___  
2025-04-23 13:39:05,133 INFO     ___FILE_ONLY___ │
2025-04-23 13:39:05,133 INFO     ___FILE_ONLY___ 

2025-04-23 13:39:05,133 INFO     ___FILE_ONLY___ └─────────────────────────┴────────────┴─────────┘
2025-04-23 13:39:05,133 INFO     ___FILE_ONLY___ 

2025-04-23 13:39:05,133 INFO     ___FILE_ONLY___ 

2025-04-23 13:39:05,136 DEBUG    urllib3.connectionpool Starting new HTTPS connection (1): dl.google.com:443
2025-04-23 13:39:06,132 DEBUG    urllib3.connectionpool https://dl.google.com:443 "GET /dl/cloudsdk/channels/rapid/RELEASE_NOTES HTTP/11" 200 1402540
2025-04-23 13:39:06,611 INFO     ___FILE_ONLY___ For the latest full release notes, please visit:
  https://cloud.google.com/sdk/release_notes


2025-04-23 13:39:06,611 INFO     ___FILE_ONLY___ Performing in place update...


2025-04-23 13:39:06,613 INFO     ___FILE_ONLY___ ╔════════════════════════════════════════════════════════════╗

2025-04-23 13:39:06,613 INFO     ___FILE_ONLY___ ╠═ Downloading: gcloud Alpha Commands                       ═╣

2025-04-23 13:39:06,613 INFO     ___FILE_ONLY___ ╚
2025-04-23 13:39:06,616 DEBUG    urllib3.connectionpool Starting new HTTPS connection (1): dl.google.com:443
2025-04-23 13:39:06,977 DEBUG    urllib3.connectionpool https://dl.google.com:443 "GET /dl/cloudsdk/channels/rapid/components/google-cloud-sdk-alpha-20250418150427.tar.gz HTTP/11" 200 800
2025-04-23 13:39:06,978 INFO     ___FILE_ONLY___ ════════════════════════════════════════════════════════════
2025-04-23 13:39:06,978 INFO     ___FILE_ONLY___ ╝

2025-04-23 13:39:06,980 INFO     ___FILE_ONLY___ ╔════════════════════════════════════════════════════════════╗

2025-04-23 13:39:06,980 INFO     ___FILE_ONLY___ ╠═ Downloading: gcloud Beta Commands                        ═╣

2025-04-23 13:39:06,980 INFO     ___FILE_ONLY___ ╚
2025-04-23 13:39:06,983 DEBUG    urllib3.connectionpool Starting new HTTPS connection (1): dl.google.com:443
2025-04-23 13:39:07,994 DEBUG    urllib3.connectionpool https://dl.google.com:443 "GET /dl/cloudsdk/channels/rapid/components/google-cloud-sdk-beta-20250418150427.tar.gz HTTP/11" 200 797
2025-04-23 13:39:07,995 INFO     ___FILE_ONLY___ ════════════════════════════════════════════════════════════
2025-04-23 13:39:07,995 INFO     ___FILE_ONLY___ ╝

2025-04-23 13:39:07,997 INFO     ___FILE_ONLY___ ╔════════════════════════════════════════════════════════════╗

2025-04-23 13:39:07,997 INFO     ___FILE_ONLY___ ╠═ Downloading: gcloud Preview Commands                     ═╣

2025-04-23 13:39:07,997 INFO     ___FILE_ONLY___ ╚
2025-04-23 13:39:08,000 DEBUG    urllib3.connectionpool Starting new HTTPS connection (1): dl.google.com:443
2025-04-23 13:39:08,194 DEBUG    urllib3.connectionpool https://dl.google.com:443 "GET /dl/cloudsdk/channels/rapid/components/google-cloud-sdk-preview-20241115154308.tar.gz HTTP/11" 200 823
2025-04-23 13:39:08,195 INFO     ___FILE_ONLY___ ════════════════════════════════════════════════════════════
2025-04-23 13:39:08,195 INFO     ___FILE_ONLY___ ╝

2025-04-23 13:39:08,197 INFO     ___FILE_ONLY___ ╔════════════════════════════════════════════════════════════╗

2025-04-23 13:39:08,197 INFO     ___FILE_ONLY___ ╠═ Installing: gcloud Alpha Commands                        ═╣

2025-04-23 13:39:08,197 INFO     ___FILE_ONLY___ ╚
2025-04-23 13:39:08,198 INFO     ___FILE_ONLY___ ════════════════════════════════════════════════════════════
2025-04-23 13:39:08,198 INFO     ___FILE_ONLY___ ╝

2025-04-23 13:39:08,203 INFO     ___FILE_ONLY___ ╔════════════════════════════════════════════════════════════╗

2025-04-23 13:39:08,203 INFO     ___FILE_ONLY___ ╠═ Installing: gcloud Beta Commands                         ═╣

2025-04-23 13:39:08,203 INFO     ___FILE_ONLY___ ╚
2025-04-23 13:39:08,204 INFO     ___FILE_ONLY___ ════════════════════════════════════════════════════════════
2025-04-23 13:39:08,204 INFO     ___FILE_ONLY___ ╝

2025-04-23 13:39:08,209 INFO     ___FILE_ONLY___ ╔════════════════════════════════════════════════════════════╗

2025-04-23 13:39:08,209 INFO     ___FILE_ONLY___ ╠═ Installing: gcloud Preview Commands                      ═╣

2025-04-23 13:39:08,209 INFO     ___FILE_ONLY___ ╚
2025-04-23 13:39:08,209 INFO     ___FILE_ONLY___ ════════════════════════════════════════════════════════════
2025-04-23 13:39:08,209 INFO     ___FILE_ONLY___ ╝

2025-04-23 13:39:08,214 DEBUG    root            Updating notification cache...
2025-04-23 13:39:08,214 INFO     ___FILE_ONLY___ 

2025-04-23 13:39:08,216 INFO     ___FILE_ONLY___ Performing post processing steps...
2025-04-23 13:39:08,216 DEBUG    root            Executing command: ['/tools/google-cloud-sdk/bin/gcloud', 'components', 'post-process']
2025-04-23 13:39:16,376 DEBUG    ___FILE_ONLY___ 
2025-04-23 13:39:16,376 DEBUG    ___FILE_ONLY___ 
2025-04-23 13:39:16,489 INFO     root            descriptor_list: [{'universeDomain': 'googleapis.com', 'universeShortName': '', 'authenticationDomain': 'auth.cloud.google.com', 'projectPrefix': '', 'cloudWebDomain': 'cloud.google.com', 'documentationDomain': 'cloud.google.com', 'version': '1.0.0', 'state': 'primary', 'artifactRegistryDomain': 'pkg.dev'}]
2025-04-23 13:39:16,489 INFO     ___FILE_ONLY___ 
Update done!


2025-04-23 13:39:16,492 DEBUG    root            Chosen display Format:none
2025-04-23 13:39:16,492 INFO     root            Display format: "none"
