2025-04-23 13:38:38,758 DEBUG    root            Loaded Command Group: ['gcloud', 'components']
2025-04-23 13:38:38,762 DEBUG    root            Loaded Command Group: ['gcloud', 'components', 'update']
2025-04-23 13:38:38,764 DEBUG    root            Running [gcloud.components.update] with arguments: [--compile-python: "True", --quiet: "True", COMPONENT-IDS:6: "['core', 'gcloud-deps', 'bq', 'gcloud', 'gcloud-crc32c', 'gsutil']"]
2025-04-23 13:38:38,764 INFO     ___FILE_ONLY___ Beginning update. This process may take several minutes.

2025-04-23 13:38:38,797 DEBUG    urllib3.connectionpool Starting new HTTPS connection (1): dl.google.com:443
2025-04-23 13:38:39,733 DEBUG    urllib3.connectionpool https://dl.google.com:443 "GET /dl/cloudsdk/channels/rapid/components-2.json HTTP/11" 200 226135
2025-04-23 13:38:39,745 INFO     ___FILE_ONLY___ 

2025-04-23 13:38:39,746 INFO     ___FILE_ONLY___ 
Your current Google Cloud CLI version is: 519.0.0

2025-04-23 13:38:39,746 INFO     ___FILE_ONLY___ Installing components from version: 519.0.0

2025-04-23 13:38:39,746 INFO     ___FILE_ONLY___ 

2025-04-23 13:38:39,746 DEBUG    root            Chosen display Format:table[box,title="These components will be removed."](details.display_name:label=Name:align=left,version.version_string:label=Version:align=right,data.size.size(zero="",min=1048576):label=Size:align=right)
2025-04-23 13:38:39,746 DEBUG    root            Chosen display Format:table[box,title="These components will be updated."](details.display_name:label=Name:align=left,version.version_string:label=Version:align=right,data.size.size(zero="",min=1048576):label=Size:align=right)
2025-04-23 13:38:39,747 DEBUG    root            Chosen display Format:table[box,title="These components will be installed."](details.display_name:label=Name:align=left,version.version_string:label=Version:align=right,data.size.size(zero="",min=1048576):label=Size:align=right)
2025-04-23 13:38:39,782 INFO     ___FILE_ONLY___ ┌─────────────────────────────────────────────────────────────────────────────┐
2025-04-23 13:38:39,782 INFO     ___FILE_ONLY___ 

2025-04-23 13:38:39,782 INFO     ___FILE_ONLY___ │                     These components will be installed.                     │
2025-04-23 13:38:39,782 INFO     ___FILE_ONLY___ 

2025-04-23 13:38:39,782 INFO     ___FILE_ONLY___ ├─────────────────────────────────────────────────────┬────────────┬──────────┤
2025-04-23 13:38:39,782 INFO     ___FILE_ONLY___ 

2025-04-23 13:38:39,782 INFO     ___FILE_ONLY___ │                         Name                        │  Version   │   Size   │
2025-04-23 13:38:39,782 INFO     ___FILE_ONLY___ 

2025-04-23 13:38:39,782 INFO     ___FILE_ONLY___ ├─────────────────────────────────────────────────────┼────────────┼──────────┤
2025-04-23 13:38:39,782 INFO     ___FILE_ONLY___ 

2025-04-23 13:38:39,782 INFO     ___FILE_ONLY___ │ 
2025-04-23 13:38:39,782 INFO     ___FILE_ONLY___ BigQuery Command Line Tool                         
2025-04-23 13:38:39,782 INFO     ___FILE_ONLY___  
2025-04-23 13:38:39,783 INFO     ___FILE_ONLY___ │ 
2025-04-23 13:38:39,783 INFO     ___FILE_ONLY___     2.1.15
2025-04-23 13:38:39,783 INFO     ___FILE_ONLY___  
2025-04-23 13:38:39,783 INFO     ___FILE_ONLY___ │ 
2025-04-23 13:38:39,783 INFO     ___FILE_ONLY___  1.8 MiB
2025-04-23 13:38:39,783 INFO     ___FILE_ONLY___  
2025-04-23 13:38:39,783 INFO     ___FILE_ONLY___ │
2025-04-23 13:38:39,783 INFO     ___FILE_ONLY___ 

2025-04-23 13:38:39,783 INFO     ___FILE_ONLY___ │ 
2025-04-23 13:38:39,783 INFO     ___FILE_ONLY___ BigQuery Command Line Tool (Platform Specific)     
2025-04-23 13:38:39,783 INFO     ___FILE_ONLY___  
2025-04-23 13:38:39,783 INFO     ___FILE_ONLY___ │ 
2025-04-23 13:38:39,783 INFO     ___FILE_ONLY___      2.1.8
2025-04-23 13:38:39,783 INFO     ___FILE_ONLY___  
2025-04-23 13:38:39,783 INFO     ___FILE_ONLY___ │ 
2025-04-23 13:38:39,783 INFO     ___FILE_ONLY___  < 1 MiB
2025-04-23 13:38:39,783 INFO     ___FILE_ONLY___  
2025-04-23 13:38:39,783 INFO     ___FILE_ONLY___ │
2025-04-23 13:38:39,783 INFO     ___FILE_ONLY___ 

2025-04-23 13:38:39,784 INFO     ___FILE_ONLY___ │ 
2025-04-23 13:38:39,784 INFO     ___FILE_ONLY___ Bundled Python 3.12 (Platform Specific)            
2025-04-23 13:38:39,784 INFO     ___FILE_ONLY___  
2025-04-23 13:38:39,784 INFO     ___FILE_ONLY___ │ 
2025-04-23 13:38:39,784 INFO     ___FILE_ONLY___     3.12.8
2025-04-23 13:38:39,784 INFO     ___FILE_ONLY___  
2025-04-23 13:38:39,784 INFO     ___FILE_ONLY___ │ 
2025-04-23 13:38:39,784 INFO     ___FILE_ONLY___ 89.2 MiB
2025-04-23 13:38:39,784 INFO     ___FILE_ONLY___  
2025-04-23 13:38:39,784 INFO     ___FILE_ONLY___ │
2025-04-23 13:38:39,784 INFO     ___FILE_ONLY___ 

2025-04-23 13:38:39,784 INFO     ___FILE_ONLY___ │ 
2025-04-23 13:38:39,784 INFO     ___FILE_ONLY___ Cloud Storage Command Line Tool                    
2025-04-23 13:38:39,784 INFO     ___FILE_ONLY___  
2025-04-23 13:38:39,784 INFO     ___FILE_ONLY___ │ 
2025-04-23 13:38:39,784 INFO     ___FILE_ONLY___       5.34
2025-04-23 13:38:39,784 INFO     ___FILE_ONLY___  
2025-04-23 13:38:39,784 INFO     ___FILE_ONLY___ │ 
2025-04-23 13:38:39,784 INFO     ___FILE_ONLY___ 11.8 MiB
2025-04-23 13:38:39,784 INFO     ___FILE_ONLY___  
2025-04-23 13:38:39,784 INFO     ___FILE_ONLY___ │
2025-04-23 13:38:39,784 INFO     ___FILE_ONLY___ 

2025-04-23 13:38:39,785 INFO     ___FILE_ONLY___ │ 
2025-04-23 13:38:39,785 INFO     ___FILE_ONLY___ Cloud Storage Command Line Tool (Platform Specific)
2025-04-23 13:38:39,785 INFO     ___FILE_ONLY___  
2025-04-23 13:38:39,785 INFO     ___FILE_ONLY___ │ 
2025-04-23 13:38:39,785 INFO     ___FILE_ONLY___       5.30
2025-04-23 13:38:39,785 INFO     ___FILE_ONLY___  
2025-04-23 13:38:39,785 INFO     ___FILE_ONLY___ │ 
2025-04-23 13:38:39,785 INFO     ___FILE_ONLY___  < 1 MiB
2025-04-23 13:38:39,785 INFO     ___FILE_ONLY___  
2025-04-23 13:38:39,785 INFO     ___FILE_ONLY___ │
2025-04-23 13:38:39,785 INFO     ___FILE_ONLY___ 

2025-04-23 13:38:39,785 INFO     ___FILE_ONLY___ │ 
2025-04-23 13:38:39,785 INFO     ___FILE_ONLY___ Google Cloud CLI Core Libraries (Platform Specific)
2025-04-23 13:38:39,785 INFO     ___FILE_ONLY___  
2025-04-23 13:38:39,785 INFO     ___FILE_ONLY___ │ 
2025-04-23 13:38:39,785 INFO     ___FILE_ONLY___ 2024.08.30
2025-04-23 13:38:39,785 INFO     ___FILE_ONLY___  
2025-04-23 13:38:39,785 INFO     ___FILE_ONLY___ │ 
2025-04-23 13:38:39,785 INFO     ___FILE_ONLY___  < 1 MiB
2025-04-23 13:38:39,785 INFO     ___FILE_ONLY___  
2025-04-23 13:38:39,785 INFO     ___FILE_ONLY___ │
2025-04-23 13:38:39,785 INFO     ___FILE_ONLY___ 

2025-04-23 13:38:39,786 INFO     ___FILE_ONLY___ │ 
2025-04-23 13:38:39,786 INFO     ___FILE_ONLY___ Google Cloud CRC32C Hash Tool (Platform Specific)  
2025-04-23 13:38:39,786 INFO     ___FILE_ONLY___  
2025-04-23 13:38:39,786 INFO     ___FILE_ONLY___ │ 
2025-04-23 13:38:39,786 INFO     ___FILE_ONLY___      1.0.0
2025-04-23 13:38:39,786 INFO     ___FILE_ONLY___  
2025-04-23 13:38:39,786 INFO     ___FILE_ONLY___ │ 
2025-04-23 13:38:39,786 INFO     ___FILE_ONLY___  1.4 MiB
2025-04-23 13:38:39,786 INFO     ___FILE_ONLY___  
2025-04-23 13:38:39,786 INFO     ___FILE_ONLY___ │
2025-04-23 13:38:39,786 INFO     ___FILE_ONLY___ 

2025-04-23 13:38:39,786 INFO     ___FILE_ONLY___ │ 
2025-04-23 13:38:39,786 INFO     ___FILE_ONLY___ gcloud cli dependencies (Platform Specific)        
2025-04-23 13:38:39,786 INFO     ___FILE_ONLY___  
2025-04-23 13:38:39,786 INFO     ___FILE_ONLY___ │ 
2025-04-23 13:38:39,786 INFO     ___FILE_ONLY___ 2021.04.16
2025-04-23 13:38:39,786 INFO     ___FILE_ONLY___  
2025-04-23 13:38:39,786 INFO     ___FILE_ONLY___ │ 
2025-04-23 13:38:39,786 INFO     ___FILE_ONLY___  < 1 MiB
2025-04-23 13:38:39,786 INFO     ___FILE_ONLY___  
2025-04-23 13:38:39,786 INFO     ___FILE_ONLY___ │
2025-04-23 13:38:39,786 INFO     ___FILE_ONLY___ 

2025-04-23 13:38:39,787 INFO     ___FILE_ONLY___ └─────────────────────────────────────────────────────┴────────────┴──────────┘
2025-04-23 13:38:39,787 INFO     ___FILE_ONLY___ 

2025-04-23 13:38:39,787 INFO     ___FILE_ONLY___ 

2025-04-23 13:38:39,790 DEBUG    urllib3.connectionpool Starting new HTTPS connection (1): dl.google.com:443
2025-04-23 13:38:39,966 DEBUG    urllib3.connectionpool https://dl.google.com:443 "GET /dl/cloudsdk/channels/rapid/RELEASE_NOTES HTTP/11" 200 1402540
2025-04-23 13:38:40,442 INFO     ___FILE_ONLY___ For the latest full release notes, please visit:
  https://cloud.google.com/sdk/release_notes


2025-04-23 13:38:40,443 INFO     ___FILE_ONLY___ Performing in place update...


2025-04-23 13:38:40,445 INFO     ___FILE_ONLY___ ╔════════════════════════════════════════════════════════════╗

2025-04-23 13:38:40,445 INFO     ___FILE_ONLY___ ╠═ Downloading: BigQuery Command Line Tool                  ═╣

2025-04-23 13:38:40,445 INFO     ___FILE_ONLY___ ╚
2025-04-23 13:38:40,448 DEBUG    urllib3.connectionpool Starting new HTTPS connection (1): dl.google.com:443
2025-04-23 13:38:41,415 DEBUG    urllib3.connectionpool https://dl.google.com:443 "GET /dl/cloudsdk/channels/rapid/components/google-cloud-sdk-bq-20250411141747.tar.gz HTTP/11" 200 1843425
2025-04-23 13:38:41,427 INFO     ___FILE_ONLY___ ═
2025-04-23 13:38:41,427 INFO     ___FILE_ONLY___ ═
2025-04-23 13:38:41,427 INFO     ___FILE_ONLY___ ═
2025-04-23 13:38:41,427 INFO     ___FILE_ONLY___ ═
2025-04-23 13:38:41,427 INFO     ___FILE_ONLY___ ═
2025-04-23 13:38:41,428 INFO     ___FILE_ONLY___ ═
2025-04-23 13:38:41,428 INFO     ___FILE_ONLY___ ═
2025-04-23 13:38:41,428 INFO     ___FILE_ONLY___ ═
2025-04-23 13:38:41,428 INFO     ___FILE_ONLY___ ═
2025-04-23 13:38:41,428 INFO     ___FILE_ONLY___ ═
2025-04-23 13:38:41,428 INFO     ___FILE_ONLY___ ═
2025-04-23 13:38:41,428 INFO     ___FILE_ONLY___ ═
2025-04-23 13:38:41,428 INFO     ___FILE_ONLY___ ═
2025-04-23 13:38:41,428 INFO     ___FILE_ONLY___ ═
2025-04-23 13:38:41,428 INFO     ___FILE_ONLY___ ═
2025-04-23 13:38:41,428 INFO     ___FILE_ONLY___ ═
2025-04-23 13:38:41,428 INFO     ___FILE_ONLY___ ═
2025-04-23 13:38:41,429 INFO     ___FILE_ONLY___ ═
2025-04-23 13:38:41,429 INFO     ___FILE_ONLY___ ═
2025-04-23 13:38:41,429 INFO     ___FILE_ONLY___ ═
2025-04-23 13:38:41,429 INFO     ___FILE_ONLY___ ═
2025-04-23 13:38:41,429 INFO     ___FILE_ONLY___ ═
2025-04-23 13:38:41,429 INFO     ___FILE_ONLY___ ═
2025-04-23 13:38:41,429 INFO     ___FILE_ONLY___ ═
2025-04-23 13:38:41,429 INFO     ___FILE_ONLY___ ═
2025-04-23 13:38:41,429 INFO     ___FILE_ONLY___ ═
2025-04-23 13:38:41,429 INFO     ___FILE_ONLY___ ═
2025-04-23 13:38:41,429 INFO     ___FILE_ONLY___ ═
2025-04-23 13:38:41,429 INFO     ___FILE_ONLY___ ═
2025-04-23 13:38:41,430 INFO     ___FILE_ONLY___ ═
2025-04-23 13:38:41,430 INFO     ___FILE_ONLY___ ═
2025-04-23 13:38:41,430 INFO     ___FILE_ONLY___ ═
2025-04-23 13:38:41,430 INFO     ___FILE_ONLY___ ═
2025-04-23 13:38:41,430 INFO     ___FILE_ONLY___ ═
2025-04-23 13:38:41,430 INFO     ___FILE_ONLY___ ═
2025-04-23 13:38:41,430 INFO     ___FILE_ONLY___ ═
2025-04-23 13:38:41,430 INFO     ___FILE_ONLY___ ═
2025-04-23 13:38:41,430 INFO     ___FILE_ONLY___ ═
2025-04-23 13:38:41,430 INFO     ___FILE_ONLY___ ═
2025-04-23 13:38:41,430 INFO     ___FILE_ONLY___ ═
2025-04-23 13:38:41,430 INFO     ___FILE_ONLY___ ═
2025-04-23 13:38:41,431 INFO     ___FILE_ONLY___ ═
2025-04-23 13:38:41,431 INFO     ___FILE_ONLY___ ═
2025-04-23 13:38:41,431 INFO     ___FILE_ONLY___ ═
2025-04-23 13:38:41,431 INFO     ___FILE_ONLY___ ═
2025-04-23 13:38:41,431 INFO     ___FILE_ONLY___ ═
2025-04-23 13:38:41,431 INFO     ___FILE_ONLY___ ═
2025-04-23 13:38:41,431 INFO     ___FILE_ONLY___ ═
2025-04-23 13:38:41,431 INFO     ___FILE_ONLY___ ═
2025-04-23 13:38:41,431 INFO     ___FILE_ONLY___ ═
2025-04-23 13:38:41,431 INFO     ___FILE_ONLY___ ═
2025-04-23 13:38:41,431 INFO     ___FILE_ONLY___ ═
2025-04-23 13:38:41,432 INFO     ___FILE_ONLY___ ═
2025-04-23 13:38:41,432 INFO     ___FILE_ONLY___ ═
2025-04-23 13:38:41,432 INFO     ___FILE_ONLY___ ═
2025-04-23 13:38:41,432 INFO     ___FILE_ONLY___ ═
2025-04-23 13:38:41,432 INFO     ___FILE_ONLY___ ═
2025-04-23 13:38:41,432 INFO     ___FILE_ONLY___ ═
2025-04-23 13:38:41,432 INFO     ___FILE_ONLY___ ═
2025-04-23 13:38:41,432 INFO     ___FILE_ONLY___ ═
2025-04-23 13:38:41,432 INFO     ___FILE_ONLY___ ╝

2025-04-23 13:38:41,434 INFO     ___FILE_ONLY___ ╔════════════════════════════════════════════════════════════╗

2025-04-23 13:38:41,434 INFO     ___FILE_ONLY___ ╠═ Downloading: BigQuery Command Line Tool (Platform Spe... ═╣

2025-04-23 13:38:41,434 INFO     ___FILE_ONLY___ ╚
2025-04-23 13:38:41,439 DEBUG    urllib3.connectionpool Starting new HTTPS connection (1): dl.google.com:443
2025-04-23 13:38:42,386 DEBUG    urllib3.connectionpool https://dl.google.com:443 "GET /dl/cloudsdk/channels/rapid/components/google-cloud-sdk-bq-nix-20240830134514.tar.gz HTTP/11" 200 1914
2025-04-23 13:38:42,387 INFO     ___FILE_ONLY___ ════════════════════════════════════════════════════════════
2025-04-23 13:38:42,387 INFO     ___FILE_ONLY___ ╝

2025-04-23 13:38:42,389 INFO     ___FILE_ONLY___ ╔════════════════════════════════════════════════════════════╗

2025-04-23 13:38:42,389 INFO     ___FILE_ONLY___ ╠═ Downloading: Bundled Python 3.12                         ═╣

2025-04-23 13:38:42,389 INFO     ___FILE_ONLY___ ╚
2025-04-23 13:38:42,389 INFO     ___FILE_ONLY___ ════════════════════════════════════════════════════════════
2025-04-23 13:38:42,389 INFO     ___FILE_ONLY___ ╝

2025-04-23 13:38:42,391 INFO     ___FILE_ONLY___ ╔════════════════════════════════════════════════════════════╗

2025-04-23 13:38:42,391 INFO     ___FILE_ONLY___ ╠═ Downloading: Bundled Python 3.12 (Platform Specific)     ═╣

2025-04-23 13:38:42,391 INFO     ___FILE_ONLY___ ╚
2025-04-23 13:38:42,394 DEBUG    urllib3.connectionpool Starting new HTTPS connection (1): dl.google.com:443
2025-04-23 13:38:43,329 DEBUG    urllib3.connectionpool https://dl.google.com:443 "GET /dl/cloudsdk/channels/rapid/components/google-cloud-sdk-bundled-python3-unix-linux-x86_64-20250131143518.tar.gz HTTP/11" 200 93520256
2025-04-23 13:38:43,652 INFO     ___FILE_ONLY___ ═
2025-04-23 13:38:43,653 INFO     ___FILE_ONLY___ ═
2025-04-23 13:38:43,655 INFO     ___FILE_ONLY___ ═
2025-04-23 13:38:43,657 INFO     ___FILE_ONLY___ ═
2025-04-23 13:38:43,658 INFO     ___FILE_ONLY___ ═
2025-04-23 13:38:43,660 INFO     ___FILE_ONLY___ ═
2025-04-23 13:38:43,661 INFO     ___FILE_ONLY___ ═
2025-04-23 13:38:43,663 INFO     ___FILE_ONLY___ ═
2025-04-23 13:38:43,665 INFO     ___FILE_ONLY___ ═
2025-04-23 13:38:43,666 INFO     ___FILE_ONLY___ ═
2025-04-23 13:38:43,668 INFO     ___FILE_ONLY___ ═
2025-04-23 13:38:43,669 INFO     ___FILE_ONLY___ ═
2025-04-23 13:38:43,671 INFO     ___FILE_ONLY___ ═
2025-04-23 13:38:43,673 INFO     ___FILE_ONLY___ ═
2025-04-23 13:38:43,674 INFO     ___FILE_ONLY___ ═
2025-04-23 13:38:43,676 INFO     ___FILE_ONLY___ ═
2025-04-23 13:38:43,678 INFO     ___FILE_ONLY___ ═
2025-04-23 13:38:43,679 INFO     ___FILE_ONLY___ ═
2025-04-23 13:38:43,681 INFO     ___FILE_ONLY___ ═
2025-04-23 13:38:43,682 INFO     ___FILE_ONLY___ ═
2025-04-23 13:38:43,684 INFO     ___FILE_ONLY___ ═
2025-04-23 13:38:43,686 INFO     ___FILE_ONLY___ ═
2025-04-23 13:38:43,687 INFO     ___FILE_ONLY___ ═
2025-04-23 13:38:43,689 INFO     ___FILE_ONLY___ ═
2025-04-23 13:38:43,690 INFO     ___FILE_ONLY___ ═
2025-04-23 13:38:43,692 INFO     ___FILE_ONLY___ ═
2025-04-23 13:38:43,694 INFO     ___FILE_ONLY___ ═
2025-04-23 13:38:43,695 INFO     ___FILE_ONLY___ ═
2025-04-23 13:38:43,697 INFO     ___FILE_ONLY___ ═
2025-04-23 13:38:43,699 INFO     ___FILE_ONLY___ ═
2025-04-23 13:38:43,700 INFO     ___FILE_ONLY___ ═
2025-04-23 13:38:43,702 INFO     ___FILE_ONLY___ ═
2025-04-23 13:38:43,703 INFO     ___FILE_ONLY___ ═
2025-04-23 13:38:43,705 INFO     ___FILE_ONLY___ ═
2025-04-23 13:38:43,707 INFO     ___FILE_ONLY___ ═
2025-04-23 13:38:43,708 INFO     ___FILE_ONLY___ ═
2025-04-23 13:38:43,710 INFO     ___FILE_ONLY___ ═
2025-04-23 13:38:43,712 INFO     ___FILE_ONLY___ ═
2025-04-23 13:38:43,713 INFO     ___FILE_ONLY___ ═
2025-04-23 13:38:43,715 INFO     ___FILE_ONLY___ ═
2025-04-23 13:38:43,717 INFO     ___FILE_ONLY___ ═
2025-04-23 13:38:43,718 INFO     ___FILE_ONLY___ ═
2025-04-23 13:38:43,720 INFO     ___FILE_ONLY___ ═
2025-04-23 13:38:43,721 INFO     ___FILE_ONLY___ ═
2025-04-23 13:38:43,723 INFO     ___FILE_ONLY___ ═
2025-04-23 13:38:43,725 INFO     ___FILE_ONLY___ ═
2025-04-23 13:38:43,726 INFO     ___FILE_ONLY___ ═
2025-04-23 13:38:43,728 INFO     ___FILE_ONLY___ ═
2025-04-23 13:38:43,730 INFO     ___FILE_ONLY___ ═
2025-04-23 13:38:43,731 INFO     ___FILE_ONLY___ ═
2025-04-23 13:38:43,733 INFO     ___FILE_ONLY___ ═
2025-04-23 13:38:43,734 INFO     ___FILE_ONLY___ ═
2025-04-23 13:38:43,736 INFO     ___FILE_ONLY___ ═
2025-04-23 13:38:43,738 INFO     ___FILE_ONLY___ ═
2025-04-23 13:38:43,739 INFO     ___FILE_ONLY___ ═
2025-04-23 13:38:43,741 INFO     ___FILE_ONLY___ ═
2025-04-23 13:38:43,743 INFO     ___FILE_ONLY___ ═
2025-04-23 13:38:43,744 INFO     ___FILE_ONLY___ ═
2025-04-23 13:38:43,746 INFO     ___FILE_ONLY___ ═
2025-04-23 13:38:43,748 INFO     ___FILE_ONLY___ ═
2025-04-23 13:38:43,748 INFO     ___FILE_ONLY___ ╝

2025-04-23 13:38:43,750 INFO     ___FILE_ONLY___ ╔════════════════════════════════════════════════════════════╗

2025-04-23 13:38:43,750 INFO     ___FILE_ONLY___ ╠═ Downloading: Cloud Storage Command Line Tool             ═╣

2025-04-23 13:38:43,750 INFO     ___FILE_ONLY___ ╚
2025-04-23 13:38:43,753 DEBUG    urllib3.connectionpool Starting new HTTPS connection (1): dl.google.com:443
2025-04-23 13:38:44,721 DEBUG    urllib3.connectionpool https://dl.google.com:443 "GET /dl/cloudsdk/channels/rapid/components/google-cloud-sdk-gsutil-20250418150427.tar.gz HTTP/11" 200 12382702
2025-04-23 13:38:44,766 INFO     ___FILE_ONLY___ ═
2025-04-23 13:38:44,767 INFO     ___FILE_ONLY___ ═
2025-04-23 13:38:44,767 INFO     ___FILE_ONLY___ ═
2025-04-23 13:38:44,767 INFO     ___FILE_ONLY___ ═
2025-04-23 13:38:44,767 INFO     ___FILE_ONLY___ ═
2025-04-23 13:38:44,768 INFO     ___FILE_ONLY___ ═
2025-04-23 13:38:44,768 INFO     ___FILE_ONLY___ ═
2025-04-23 13:38:44,768 INFO     ___FILE_ONLY___ ═
2025-04-23 13:38:44,768 INFO     ___FILE_ONLY___ ═
2025-04-23 13:38:44,769 INFO     ___FILE_ONLY___ ═
2025-04-23 13:38:44,769 INFO     ___FILE_ONLY___ ═
2025-04-23 13:38:44,769 INFO     ___FILE_ONLY___ ═
2025-04-23 13:38:44,769 INFO     ___FILE_ONLY___ ═
2025-04-23 13:38:44,770 INFO     ___FILE_ONLY___ ═
2025-04-23 13:38:44,770 INFO     ___FILE_ONLY___ ═
2025-04-23 13:38:44,770 INFO     ___FILE_ONLY___ ═
2025-04-23 13:38:44,770 INFO     ___FILE_ONLY___ ═
2025-04-23 13:38:44,771 INFO     ___FILE_ONLY___ ═
2025-04-23 13:38:44,771 INFO     ___FILE_ONLY___ ═
2025-04-23 13:38:44,771 INFO     ___FILE_ONLY___ ═
2025-04-23 13:38:44,771 INFO     ___FILE_ONLY___ ═
2025-04-23 13:38:44,772 INFO     ___FILE_ONLY___ ═
2025-04-23 13:38:44,772 INFO     ___FILE_ONLY___ ═
2025-04-23 13:38:44,772 INFO     ___FILE_ONLY___ ═
2025-04-23 13:38:44,772 INFO     ___FILE_ONLY___ ═
2025-04-23 13:38:44,773 INFO     ___FILE_ONLY___ ═
2025-04-23 13:38:44,773 INFO     ___FILE_ONLY___ ═
2025-04-23 13:38:44,773 INFO     ___FILE_ONLY___ ═
2025-04-23 13:38:44,773 INFO     ___FILE_ONLY___ ═
2025-04-23 13:38:44,774 INFO     ___FILE_ONLY___ ═
2025-04-23 13:38:44,774 INFO     ___FILE_ONLY___ ═
2025-04-23 13:38:44,774 INFO     ___FILE_ONLY___ ═
2025-04-23 13:38:44,774 INFO     ___FILE_ONLY___ ═
2025-04-23 13:38:44,775 INFO     ___FILE_ONLY___ ═
2025-04-23 13:38:44,775 INFO     ___FILE_ONLY___ ═
2025-04-23 13:38:44,775 INFO     ___FILE_ONLY___ ═
2025-04-23 13:38:44,776 INFO     ___FILE_ONLY___ ═
2025-04-23 13:38:44,776 INFO     ___FILE_ONLY___ ═
2025-04-23 13:38:44,776 INFO     ___FILE_ONLY___ ═
2025-04-23 13:38:44,776 INFO     ___FILE_ONLY___ ═
2025-04-23 13:38:44,777 INFO     ___FILE_ONLY___ ═
2025-04-23 13:38:44,777 INFO     ___FILE_ONLY___ ═
2025-04-23 13:38:44,777 INFO     ___FILE_ONLY___ ═
2025-04-23 13:38:44,777 INFO     ___FILE_ONLY___ ═
2025-04-23 13:38:44,778 INFO     ___FILE_ONLY___ ═
2025-04-23 13:38:44,778 INFO     ___FILE_ONLY___ ═
2025-04-23 13:38:44,778 INFO     ___FILE_ONLY___ ═
2025-04-23 13:38:44,778 INFO     ___FILE_ONLY___ ═
2025-04-23 13:38:44,779 INFO     ___FILE_ONLY___ ═
2025-04-23 13:38:44,779 INFO     ___FILE_ONLY___ ═
2025-04-23 13:38:44,779 INFO     ___FILE_ONLY___ ═
2025-04-23 13:38:44,780 INFO     ___FILE_ONLY___ ═
2025-04-23 13:38:44,780 INFO     ___FILE_ONLY___ ═
2025-04-23 13:38:44,780 INFO     ___FILE_ONLY___ ═
2025-04-23 13:38:44,780 INFO     ___FILE_ONLY___ ═
2025-04-23 13:38:44,781 INFO     ___FILE_ONLY___ ═
2025-04-23 13:38:44,781 INFO     ___FILE_ONLY___ ═
2025-04-23 13:38:44,781 INFO     ___FILE_ONLY___ ═
2025-04-23 13:38:44,782 INFO     ___FILE_ONLY___ ═
2025-04-23 13:38:44,782 INFO     ___FILE_ONLY___ ═
2025-04-23 13:38:44,782 INFO     ___FILE_ONLY___ ╝

2025-04-23 13:38:44,784 INFO     ___FILE_ONLY___ ╔════════════════════════════════════════════════════════════╗

2025-04-23 13:38:44,784 INFO     ___FILE_ONLY___ ╠═ Downloading: Cloud Storage Command Line Tool (Platfor... ═╣

2025-04-23 13:38:44,784 INFO     ___FILE_ONLY___ ╚
2025-04-23 13:38:44,787 DEBUG    urllib3.connectionpool Starting new HTTPS connection (1): dl.google.com:443
2025-04-23 13:38:45,775 DEBUG    urllib3.connectionpool https://dl.google.com:443 "GET /dl/cloudsdk/channels/rapid/components/google-cloud-sdk-gsutil-nix-20240830134514.tar.gz HTTP/11" 200 1928
2025-04-23 13:38:45,776 INFO     ___FILE_ONLY___ ════════════════════════════════════════════════════════════
2025-04-23 13:38:45,776 INFO     ___FILE_ONLY___ ╝

2025-04-23 13:38:45,778 INFO     ___FILE_ONLY___ ╔════════════════════════════════════════════════════════════╗

2025-04-23 13:38:45,778 INFO     ___FILE_ONLY___ ╠═ Downloading: Default set of gcloud commands              ═╣

2025-04-23 13:38:45,778 INFO     ___FILE_ONLY___ ╚
2025-04-23 13:38:45,779 INFO     ___FILE_ONLY___ ════════════════════════════════════════════════════════════
2025-04-23 13:38:45,779 INFO     ___FILE_ONLY___ ╝

2025-04-23 13:38:45,780 INFO     ___FILE_ONLY___ ╔════════════════════════════════════════════════════════════╗

2025-04-23 13:38:45,780 INFO     ___FILE_ONLY___ ╠═ Downloading: Google Cloud CLI Core Libraries (Platfor... ═╣

2025-04-23 13:38:45,781 INFO     ___FILE_ONLY___ ╚
2025-04-23 13:38:45,785 DEBUG    urllib3.connectionpool Starting new HTTPS connection (1): dl.google.com:443
2025-04-23 13:38:46,719 DEBUG    urllib3.connectionpool https://dl.google.com:443 "GET /dl/cloudsdk/channels/rapid/components/google-cloud-sdk-core-nix-20240830134514.tar.gz HTTP/11" 200 2306
2025-04-23 13:38:46,720 INFO     ___FILE_ONLY___ ════════════════════════════════════════════════════════════
2025-04-23 13:38:46,720 INFO     ___FILE_ONLY___ ╝

2025-04-23 13:38:46,722 INFO     ___FILE_ONLY___ ╔════════════════════════════════════════════════════════════╗

2025-04-23 13:38:46,722 INFO     ___FILE_ONLY___ ╠═ Downloading: Google Cloud CRC32C Hash Tool               ═╣

2025-04-23 13:38:46,722 INFO     ___FILE_ONLY___ ╚
2025-04-23 13:38:46,722 INFO     ___FILE_ONLY___ ════════════════════════════════════════════════════════════
2025-04-23 13:38:46,722 INFO     ___FILE_ONLY___ ╝

2025-04-23 13:38:46,724 INFO     ___FILE_ONLY___ ╔════════════════════════════════════════════════════════════╗

2025-04-23 13:38:46,724 INFO     ___FILE_ONLY___ ╠═ Downloading: Google Cloud CRC32C Hash Tool (Platform ... ═╣

2025-04-23 13:38:46,724 INFO     ___FILE_ONLY___ ╚
2025-04-23 13:38:46,727 DEBUG    urllib3.connectionpool Starting new HTTPS connection (1): dl.google.com:443
2025-04-23 13:38:47,698 DEBUG    urllib3.connectionpool https://dl.google.com:443 "GET /dl/cloudsdk/channels/rapid/components/google-cloud-sdk-gcloud-crc32c-linux-x86_64-20250110133808.tar.gz HTTP/11" 200 1478989
2025-04-23 13:38:47,708 INFO     ___FILE_ONLY___ ═
2025-04-23 13:38:47,708 INFO     ___FILE_ONLY___ ═
2025-04-23 13:38:47,708 INFO     ___FILE_ONLY___ ═
2025-04-23 13:38:47,709 INFO     ___FILE_ONLY___ ═
2025-04-23 13:38:47,709 INFO     ___FILE_ONLY___ ═
2025-04-23 13:38:47,709 INFO     ___FILE_ONLY___ ═
2025-04-23 13:38:47,709 INFO     ___FILE_ONLY___ ═
2025-04-23 13:38:47,709 INFO     ___FILE_ONLY___ ═
2025-04-23 13:38:47,709 INFO     ___FILE_ONLY___ ═
2025-04-23 13:38:47,709 INFO     ___FILE_ONLY___ ═
2025-04-23 13:38:47,709 INFO     ___FILE_ONLY___ ═
2025-04-23 13:38:47,709 INFO     ___FILE_ONLY___ ═
2025-04-23 13:38:47,709 INFO     ___FILE_ONLY___ ═
2025-04-23 13:38:47,709 INFO     ___FILE_ONLY___ ═
2025-04-23 13:38:47,710 INFO     ___FILE_ONLY___ ═
2025-04-23 13:38:47,710 INFO     ___FILE_ONLY___ ═
2025-04-23 13:38:47,710 INFO     ___FILE_ONLY___ ═
2025-04-23 13:38:47,710 INFO     ___FILE_ONLY___ ═
2025-04-23 13:38:47,710 INFO     ___FILE_ONLY___ ═
2025-04-23 13:38:47,710 INFO     ___FILE_ONLY___ ═
2025-04-23 13:38:47,710 INFO     ___FILE_ONLY___ ═
2025-04-23 13:38:47,710 INFO     ___FILE_ONLY___ ═
2025-04-23 13:38:47,711 INFO     ___FILE_ONLY___ ═
2025-04-23 13:38:47,711 INFO     ___FILE_ONLY___ ═
2025-04-23 13:38:47,711 INFO     ___FILE_ONLY___ ═
2025-04-23 13:38:47,711 INFO     ___FILE_ONLY___ ═
2025-04-23 13:38:47,711 INFO     ___FILE_ONLY___ ═
2025-04-23 13:38:47,711 INFO     ___FILE_ONLY___ ═
2025-04-23 13:38:47,711 INFO     ___FILE_ONLY___ ═
2025-04-23 13:38:47,711 INFO     ___FILE_ONLY___ ═
2025-04-23 13:38:47,712 INFO     ___FILE_ONLY___ ═
2025-04-23 13:38:47,712 INFO     ___FILE_ONLY___ ═
2025-04-23 13:38:47,712 INFO     ___FILE_ONLY___ ═
2025-04-23 13:38:47,712 INFO     ___FILE_ONLY___ ═
2025-04-23 13:38:47,712 INFO     ___FILE_ONLY___ ═
2025-04-23 13:38:47,712 INFO     ___FILE_ONLY___ ═
2025-04-23 13:38:47,712 INFO     ___FILE_ONLY___ ═
2025-04-23 13:38:47,712 INFO     ___FILE_ONLY___ ═
2025-04-23 13:38:47,713 INFO     ___FILE_ONLY___ ═
2025-04-23 13:38:47,713 INFO     ___FILE_ONLY___ ═
2025-04-23 13:38:47,713 INFO     ___FILE_ONLY___ ═
2025-04-23 13:38:47,713 INFO     ___FILE_ONLY___ ═
2025-04-23 13:38:47,713 INFO     ___FILE_ONLY___ ═
2025-04-23 13:38:47,713 INFO     ___FILE_ONLY___ ═
2025-04-23 13:38:47,713 INFO     ___FILE_ONLY___ ═
2025-04-23 13:38:47,713 INFO     ___FILE_ONLY___ ═
2025-04-23 13:38:47,713 INFO     ___FILE_ONLY___ ═
2025-04-23 13:38:47,713 INFO     ___FILE_ONLY___ ═
2025-04-23 13:38:47,714 INFO     ___FILE_ONLY___ ═
2025-04-23 13:38:47,714 INFO     ___FILE_ONLY___ ═
2025-04-23 13:38:47,714 INFO     ___FILE_ONLY___ ═
2025-04-23 13:38:47,714 INFO     ___FILE_ONLY___ ═
2025-04-23 13:38:47,714 INFO     ___FILE_ONLY___ ═
2025-04-23 13:38:47,714 INFO     ___FILE_ONLY___ ═
2025-04-23 13:38:47,714 INFO     ___FILE_ONLY___ ═
2025-04-23 13:38:47,714 INFO     ___FILE_ONLY___ ═
2025-04-23 13:38:47,714 INFO     ___FILE_ONLY___ ═
2025-04-23 13:38:47,714 INFO     ___FILE_ONLY___ ═
2025-04-23 13:38:47,715 INFO     ___FILE_ONLY___ ═
2025-04-23 13:38:47,715 INFO     ___FILE_ONLY___ ═
2025-04-23 13:38:47,715 INFO     ___FILE_ONLY___ ╝

2025-04-23 13:38:47,717 INFO     ___FILE_ONLY___ ╔════════════════════════════════════════════════════════════╗

2025-04-23 13:38:47,717 INFO     ___FILE_ONLY___ ╠═ Downloading: gcloud cli dependencies (Platform Specific) ═╣

2025-04-23 13:38:47,717 INFO     ___FILE_ONLY___ ╚
2025-04-23 13:38:47,721 DEBUG    urllib3.connectionpool Starting new HTTPS connection (1): dl.google.com:443
2025-04-23 13:38:48,642 DEBUG    urllib3.connectionpool https://dl.google.com:443 "GET /dl/cloudsdk/channels/rapid/components/google-cloud-sdk-gcloud-deps-linux-x86_64-20210416153011.tar.gz HTTP/11" 200 104
2025-04-23 13:38:48,643 INFO     ___FILE_ONLY___ ════════════════════════════════════════════════════════════
2025-04-23 13:38:48,643 INFO     ___FILE_ONLY___ ╝

2025-04-23 13:38:48,645 INFO     ___FILE_ONLY___ ╔════════════════════════════════════════════════════════════╗

2025-04-23 13:38:48,645 INFO     ___FILE_ONLY___ ╠═ Installing: BigQuery Command Line Tool                   ═╣

2025-04-23 13:38:48,645 INFO     ___FILE_ONLY___ ╚
2025-04-23 13:38:48,736 INFO     ___FILE_ONLY___ ═
2025-04-23 13:38:48,739 INFO     ___FILE_ONLY___ ═
2025-04-23 13:38:48,741 INFO     ___FILE_ONLY___ ═
2025-04-23 13:38:48,743 INFO     ___FILE_ONLY___ ═
2025-04-23 13:38:48,745 INFO     ___FILE_ONLY___ ═
2025-04-23 13:38:48,747 INFO     ___FILE_ONLY___ ═
2025-04-23 13:38:48,750 INFO     ___FILE_ONLY___ ═
2025-04-23 13:38:48,751 INFO     ___FILE_ONLY___ ═
2025-04-23 13:38:48,753 INFO     ___FILE_ONLY___ ═
2025-04-23 13:38:48,755 INFO     ___FILE_ONLY___ ═
2025-04-23 13:38:48,758 INFO     ___FILE_ONLY___ ═
2025-04-23 13:38:48,759 INFO     ___FILE_ONLY___ ═
2025-04-23 13:38:48,761 INFO     ___FILE_ONLY___ ═
2025-04-23 13:38:48,763 INFO     ___FILE_ONLY___ ═
2025-04-23 13:38:48,765 INFO     ___FILE_ONLY___ ═
2025-04-23 13:38:48,767 INFO     ___FILE_ONLY___ ═
2025-04-23 13:38:48,769 INFO     ___FILE_ONLY___ ═
2025-04-23 13:38:48,771 INFO     ___FILE_ONLY___ ═
2025-04-23 13:38:48,773 INFO     ___FILE_ONLY___ ═
2025-04-23 13:38:48,776 INFO     ___FILE_ONLY___ ═
2025-04-23 13:38:48,779 INFO     ___FILE_ONLY___ ═
2025-04-23 13:38:48,781 INFO     ___FILE_ONLY___ ═
2025-04-23 13:38:48,783 INFO     ___FILE_ONLY___ ═
2025-04-23 13:38:48,785 INFO     ___FILE_ONLY___ ═
2025-04-23 13:38:48,786 INFO     ___FILE_ONLY___ ═
2025-04-23 13:38:48,788 INFO     ___FILE_ONLY___ ═
2025-04-23 13:38:48,790 INFO     ___FILE_ONLY___ ═
2025-04-23 13:38:48,792 INFO     ___FILE_ONLY___ ═
2025-04-23 13:38:48,794 INFO     ___FILE_ONLY___ ═
2025-04-23 13:38:48,798 INFO     ___FILE_ONLY___ ═
2025-04-23 13:38:48,799 INFO     ___FILE_ONLY___ ═
2025-04-23 13:38:48,801 INFO     ___FILE_ONLY___ ═
2025-04-23 13:38:48,803 INFO     ___FILE_ONLY___ ═
2025-04-23 13:38:48,806 INFO     ___FILE_ONLY___ ═
2025-04-23 13:38:48,808 INFO     ___FILE_ONLY___ ═
2025-04-23 13:38:48,818 INFO     ___FILE_ONLY___ ═
2025-04-23 13:38:48,821 INFO     ___FILE_ONLY___ ═
2025-04-23 13:38:48,825 INFO     ___FILE_ONLY___ ═
2025-04-23 13:38:48,827 INFO     ___FILE_ONLY___ ═
2025-04-23 13:38:48,829 INFO     ___FILE_ONLY___ ═
2025-04-23 13:38:48,831 INFO     ___FILE_ONLY___ ═
2025-04-23 13:38:48,833 INFO     ___FILE_ONLY___ ═
2025-04-23 13:38:48,836 INFO     ___FILE_ONLY___ ═
2025-04-23 13:38:48,840 INFO     ___FILE_ONLY___ ═
2025-04-23 13:38:48,841 INFO     ___FILE_ONLY___ ═
2025-04-23 13:38:48,844 INFO     ___FILE_ONLY___ ═
2025-04-23 13:38:48,845 INFO     ___FILE_ONLY___ ═
2025-04-23 13:38:48,848 INFO     ___FILE_ONLY___ ═
2025-04-23 13:38:48,849 INFO     ___FILE_ONLY___ ═
2025-04-23 13:38:48,852 INFO     ___FILE_ONLY___ ═
2025-04-23 13:38:48,853 INFO     ___FILE_ONLY___ ═
2025-04-23 13:38:48,856 INFO     ___FILE_ONLY___ ═
2025-04-23 13:38:48,857 INFO     ___FILE_ONLY___ ═
2025-04-23 13:38:48,859 INFO     ___FILE_ONLY___ ═
2025-04-23 13:38:48,861 INFO     ___FILE_ONLY___ ═
2025-04-23 13:38:48,863 INFO     ___FILE_ONLY___ ═
2025-04-23 13:38:48,865 INFO     ___FILE_ONLY___ ═
2025-04-23 13:38:48,867 INFO     ___FILE_ONLY___ ═
2025-04-23 13:38:48,868 INFO     ___FILE_ONLY___ ═
2025-04-23 13:38:48,871 INFO     ___FILE_ONLY___ ═
2025-04-23 13:38:48,871 INFO     ___FILE_ONLY___ ╝

2025-04-23 13:38:48,878 INFO     ___FILE_ONLY___ ╔════════════════════════════════════════════════════════════╗

2025-04-23 13:38:48,879 INFO     ___FILE_ONLY___ ╠═ Installing: BigQuery Command Line Tool (Platform Spec... ═╣

2025-04-23 13:38:48,879 INFO     ___FILE_ONLY___ ╚
2025-04-23 13:38:48,879 INFO     ___FILE_ONLY___ ════════════════════════════════════════════════════════════
2025-04-23 13:38:48,879 INFO     ___FILE_ONLY___ ╝

2025-04-23 13:38:48,883 INFO     ___FILE_ONLY___ ╔════════════════════════════════════════════════════════════╗

2025-04-23 13:38:48,883 INFO     ___FILE_ONLY___ ╠═ Installing: Bundled Python 3.12                          ═╣

2025-04-23 13:38:48,883 INFO     ___FILE_ONLY___ ╚
2025-04-23 13:38:48,887 INFO     ___FILE_ONLY___ ════════════════════════════════════════════════════════════
2025-04-23 13:38:48,887 INFO     ___FILE_ONLY___ ╝

2025-04-23 13:38:48,889 INFO     ___FILE_ONLY___ ╔════════════════════════════════════════════════════════════╗

2025-04-23 13:38:48,889 INFO     ___FILE_ONLY___ ╠═ Installing: Bundled Python 3.12 (Platform Specific)      ═╣

2025-04-23 13:38:48,889 INFO     ___FILE_ONLY___ ╚
2025-04-23 13:38:51,995 INFO     ___FILE_ONLY___ ═
2025-04-23 13:38:52,508 INFO     ___FILE_ONLY___ ═
2025-04-23 13:38:52,528 INFO     ___FILE_ONLY___ ═
2025-04-23 13:38:52,562 INFO     ___FILE_ONLY___ ═
2025-04-23 13:38:52,583 INFO     ___FILE_ONLY___ ═
2025-04-23 13:38:52,597 INFO     ___FILE_ONLY___ ═
2025-04-23 13:38:52,626 INFO     ___FILE_ONLY___ ═
2025-04-23 13:38:52,645 INFO     ___FILE_ONLY___ ═
2025-04-23 13:38:52,663 INFO     ___FILE_ONLY___ ═
2025-04-23 13:38:52,679 INFO     ___FILE_ONLY___ ═
2025-04-23 13:38:52,694 INFO     ___FILE_ONLY___ ═
2025-04-23 13:38:52,719 INFO     ___FILE_ONLY___ ═
2025-04-23 13:38:52,857 INFO     ___FILE_ONLY___ ═
2025-04-23 13:38:52,873 INFO     ___FILE_ONLY___ ═
2025-04-23 13:38:52,889 INFO     ___FILE_ONLY___ ═
2025-04-23 13:38:52,904 INFO     ___FILE_ONLY___ ═
2025-04-23 13:38:52,917 INFO     ___FILE_ONLY___ ═
2025-04-23 13:38:52,934 INFO     ___FILE_ONLY___ ═
2025-04-23 13:38:52,951 INFO     ___FILE_ONLY___ ═
2025-04-23 13:38:52,970 INFO     ___FILE_ONLY___ ═
2025-04-23 13:38:52,985 INFO     ___FILE_ONLY___ ═
2025-04-23 13:38:53,078 INFO     ___FILE_ONLY___ ═
2025-04-23 13:38:53,099 INFO     ___FILE_ONLY___ ═
2025-04-23 13:38:53,583 INFO     ___FILE_ONLY___ ═
2025-04-23 13:38:53,599 INFO     ___FILE_ONLY___ ═
2025-04-23 13:38:53,612 INFO     ___FILE_ONLY___ ═
2025-04-23 13:38:53,624 INFO     ___FILE_ONLY___ ═
2025-04-23 13:38:53,635 INFO     ___FILE_ONLY___ ═
2025-04-23 13:38:53,647 INFO     ___FILE_ONLY___ ═
2025-04-23 13:38:53,658 INFO     ___FILE_ONLY___ ═
2025-04-23 13:38:53,669 INFO     ___FILE_ONLY___ ═
2025-04-23 13:38:53,680 INFO     ___FILE_ONLY___ ═
2025-04-23 13:38:53,691 INFO     ___FILE_ONLY___ ═
2025-04-23 13:38:53,703 INFO     ___FILE_ONLY___ ═
2025-04-23 13:38:53,713 INFO     ___FILE_ONLY___ ═
2025-04-23 13:38:53,725 INFO     ___FILE_ONLY___ ═
2025-04-23 13:38:53,737 INFO     ___FILE_ONLY___ ═
2025-04-23 13:38:53,748 INFO     ___FILE_ONLY___ ═
2025-04-23 13:38:53,759 INFO     ___FILE_ONLY___ ═
2025-04-23 13:38:53,771 INFO     ___FILE_ONLY___ ═
2025-04-23 13:38:53,784 INFO     ___FILE_ONLY___ ═
2025-04-23 13:38:53,796 INFO     ___FILE_ONLY___ ═
2025-04-23 13:38:53,807 INFO     ___FILE_ONLY___ ═
2025-04-23 13:38:53,819 INFO     ___FILE_ONLY___ ═
2025-04-23 13:38:53,830 INFO     ___FILE_ONLY___ ═
2025-04-23 13:38:53,842 INFO     ___FILE_ONLY___ ═
2025-04-23 13:38:53,853 INFO     ___FILE_ONLY___ ═
2025-04-23 13:38:53,865 INFO     ___FILE_ONLY___ ═
2025-04-23 13:38:53,876 INFO     ___FILE_ONLY___ ═
2025-04-23 13:38:53,888 INFO     ___FILE_ONLY___ ═
2025-04-23 13:38:53,898 INFO     ___FILE_ONLY___ ═
2025-04-23 13:38:53,909 INFO     ___FILE_ONLY___ ═
2025-04-23 13:38:53,921 INFO     ___FILE_ONLY___ ═
2025-04-23 13:38:53,932 INFO     ___FILE_ONLY___ ═
2025-04-23 13:38:53,944 INFO     ___FILE_ONLY___ ═
2025-04-23 13:38:53,955 INFO     ___FILE_ONLY___ ═
2025-04-23 13:38:53,966 INFO     ___FILE_ONLY___ ═
2025-04-23 13:38:53,978 INFO     ___FILE_ONLY___ ═
2025-04-23 13:38:53,993 INFO     ___FILE_ONLY___ ═
2025-04-23 13:38:54,006 INFO     ___FILE_ONLY___ ═
2025-04-23 13:38:54,006 INFO     ___FILE_ONLY___ ╝

2025-04-23 13:38:54,061 INFO     ___FILE_ONLY___ ╔════════════════════════════════════════════════════════════╗

2025-04-23 13:38:54,061 INFO     ___FILE_ONLY___ ╠═ Installing: Cloud Storage Command Line Tool              ═╣

2025-04-23 13:38:54,061 INFO     ___FILE_ONLY___ ╚
2025-04-23 13:38:54,586 INFO     ___FILE_ONLY___ ═
2025-04-23 13:38:54,597 INFO     ___FILE_ONLY___ ═
2025-04-23 13:38:54,607 INFO     ___FILE_ONLY___ ═
2025-04-23 13:38:54,618 INFO     ___FILE_ONLY___ ═
2025-04-23 13:38:54,628 INFO     ___FILE_ONLY___ ═
2025-04-23 13:38:54,663 INFO     ___FILE_ONLY___ ═
2025-04-23 13:38:54,675 INFO     ___FILE_ONLY___ ═
2025-04-23 13:38:54,691 INFO     ___FILE_ONLY___ ═
2025-04-23 13:38:54,702 INFO     ___FILE_ONLY___ ═
2025-04-23 13:38:54,719 INFO     ___FILE_ONLY___ ═
2025-04-23 13:38:54,731 INFO     ___FILE_ONLY___ ═
2025-04-23 13:38:54,741 INFO     ___FILE_ONLY___ ═
2025-04-23 13:38:54,753 INFO     ___FILE_ONLY___ ═
2025-04-23 13:38:54,763 INFO     ___FILE_ONLY___ ═
2025-04-23 13:38:54,776 INFO     ___FILE_ONLY___ ═
2025-04-23 13:38:54,793 INFO     ___FILE_ONLY___ ═
2025-04-23 13:38:54,808 INFO     ___FILE_ONLY___ ═
2025-04-23 13:38:54,817 INFO     ___FILE_ONLY___ ═
2025-04-23 13:38:54,830 INFO     ___FILE_ONLY___ ═
2025-04-23 13:38:54,838 INFO     ___FILE_ONLY___ ═
2025-04-23 13:38:54,849 INFO     ___FILE_ONLY___ ═
2025-04-23 13:38:54,860 INFO     ___FILE_ONLY___ ═
2025-04-23 13:38:54,870 INFO     ___FILE_ONLY___ ═
2025-04-23 13:38:54,879 INFO     ___FILE_ONLY___ ═
2025-04-23 13:38:54,889 INFO     ___FILE_ONLY___ ═
2025-04-23 13:38:54,899 INFO     ___FILE_ONLY___ ═
2025-04-23 13:38:54,910 INFO     ___FILE_ONLY___ ═
2025-04-23 13:38:54,928 INFO     ___FILE_ONLY___ ═
2025-04-23 13:38:54,938 INFO     ___FILE_ONLY___ ═
2025-04-23 13:38:54,948 INFO     ___FILE_ONLY___ ═
2025-04-23 13:38:54,968 INFO     ___FILE_ONLY___ ═
2025-04-23 13:38:54,984 INFO     ___FILE_ONLY___ ═
2025-04-23 13:38:55,001 INFO     ___FILE_ONLY___ ═
2025-04-23 13:38:55,018 INFO     ___FILE_ONLY___ ═
2025-04-23 13:38:55,033 INFO     ___FILE_ONLY___ ═
2025-04-23 13:38:55,044 INFO     ___FILE_ONLY___ ═
2025-04-23 13:38:55,054 INFO     ___FILE_ONLY___ ═
2025-04-23 13:38:55,067 INFO     ___FILE_ONLY___ ═
2025-04-23 13:38:55,081 INFO     ___FILE_ONLY___ ═
2025-04-23 13:38:55,092 INFO     ___FILE_ONLY___ ═
2025-04-23 13:38:55,103 INFO     ___FILE_ONLY___ ═
2025-04-23 13:38:55,112 INFO     ___FILE_ONLY___ ═
2025-04-23 13:38:55,122 INFO     ___FILE_ONLY___ ═
2025-04-23 13:38:55,133 INFO     ___FILE_ONLY___ ═
2025-04-23 13:38:55,142 INFO     ___FILE_ONLY___ ═
2025-04-23 13:38:55,151 INFO     ___FILE_ONLY___ ═
2025-04-23 13:38:55,160 INFO     ___FILE_ONLY___ ═
2025-04-23 13:38:55,168 INFO     ___FILE_ONLY___ ═
2025-04-23 13:38:55,179 INFO     ___FILE_ONLY___ ═
2025-04-23 13:38:55,191 INFO     ___FILE_ONLY___ ═
2025-04-23 13:38:55,203 INFO     ___FILE_ONLY___ ═
2025-04-23 13:38:55,220 INFO     ___FILE_ONLY___ ═
2025-04-23 13:38:55,232 INFO     ___FILE_ONLY___ ═
2025-04-23 13:38:55,246 INFO     ___FILE_ONLY___ ═
2025-04-23 13:38:55,258 INFO     ___FILE_ONLY___ ═
2025-04-23 13:38:55,273 INFO     ___FILE_ONLY___ ═
2025-04-23 13:38:55,290 INFO     ___FILE_ONLY___ ═
2025-04-23 13:38:55,311 INFO     ___FILE_ONLY___ ═
2025-04-23 13:38:55,328 INFO     ___FILE_ONLY___ ═
2025-04-23 13:38:55,347 INFO     ___FILE_ONLY___ ═
2025-04-23 13:38:55,347 INFO     ___FILE_ONLY___ ╝

2025-04-23 13:38:55,378 INFO     ___FILE_ONLY___ ╔════════════════════════════════════════════════════════════╗

2025-04-23 13:38:55,378 INFO     ___FILE_ONLY___ ╠═ Installing: Cloud Storage Command Line Tool (Platform... ═╣

2025-04-23 13:38:55,379 INFO     ___FILE_ONLY___ ╚
2025-04-23 13:38:55,379 INFO     ___FILE_ONLY___ ════════════════════════════════════════════════════════════
2025-04-23 13:38:55,380 INFO     ___FILE_ONLY___ ╝

2025-04-23 13:38:55,384 INFO     ___FILE_ONLY___ ╔════════════════════════════════════════════════════════════╗

2025-04-23 13:38:55,384 INFO     ___FILE_ONLY___ ╠═ Installing: Default set of gcloud commands               ═╣

2025-04-23 13:38:55,384 INFO     ___FILE_ONLY___ ╚
2025-04-23 13:38:55,386 INFO     ___FILE_ONLY___ ════════════════════════════════════════════════════════════
2025-04-23 13:38:55,386 INFO     ___FILE_ONLY___ ╝

2025-04-23 13:38:55,388 INFO     ___FILE_ONLY___ ╔════════════════════════════════════════════════════════════╗

2025-04-23 13:38:55,388 INFO     ___FILE_ONLY___ ╠═ Installing: Google Cloud CLI Core Libraries (Platform... ═╣

2025-04-23 13:38:55,388 INFO     ___FILE_ONLY___ ╚
2025-04-23 13:38:55,389 INFO     ___FILE_ONLY___ ══════════════════════════════
2025-04-23 13:38:55,389 INFO     ___FILE_ONLY___ ══════════════════════════════
2025-04-23 13:38:55,389 INFO     ___FILE_ONLY___ ╝

2025-04-23 13:38:55,393 INFO     ___FILE_ONLY___ ╔════════════════════════════════════════════════════════════╗

2025-04-23 13:38:55,393 INFO     ___FILE_ONLY___ ╠═ Installing: Google Cloud CRC32C Hash Tool                ═╣

2025-04-23 13:38:55,393 INFO     ___FILE_ONLY___ ╚
2025-04-23 13:38:55,396 INFO     ___FILE_ONLY___ ════════════════════════════════════════════════════════════
2025-04-23 13:38:55,396 INFO     ___FILE_ONLY___ ╝

2025-04-23 13:38:55,397 INFO     ___FILE_ONLY___ ╔════════════════════════════════════════════════════════════╗

2025-04-23 13:38:55,397 INFO     ___FILE_ONLY___ ╠═ Installing: Google Cloud CRC32C Hash Tool (Platform S... ═╣

2025-04-23 13:38:55,397 INFO     ___FILE_ONLY___ ╚
2025-04-23 13:38:55,436 INFO     ___FILE_ONLY___ ══════════════════════════════
2025-04-23 13:38:55,437 INFO     ___FILE_ONLY___ ══════════════════════════════
2025-04-23 13:38:55,437 INFO     ___FILE_ONLY___ ╝

2025-04-23 13:38:55,442 INFO     ___FILE_ONLY___ ╔════════════════════════════════════════════════════════════╗

2025-04-23 13:38:55,442 INFO     ___FILE_ONLY___ ╠═ Installing: gcloud cli dependencies (Platform Specific)  ═╣

2025-04-23 13:38:55,442 INFO     ___FILE_ONLY___ ╚
2025-04-23 13:38:55,442 INFO     ___FILE_ONLY___ ════════════════════════════════════════════════════════════
2025-04-23 13:38:55,442 INFO     ___FILE_ONLY___ ╝

2025-04-23 13:38:55,447 DEBUG    root            Updating notification cache...
2025-04-23 13:38:55,448 INFO     ___FILE_ONLY___ 

2025-04-23 13:38:55,450 INFO     ___FILE_ONLY___ Performing post processing steps...
2025-04-23 13:38:55,450 DEBUG    root            Executing command: ['/tools/google-cloud-sdk/bin/gcloud', 'components', 'post-process']
2025-04-23 13:39:03,445 DEBUG    ___FILE_ONLY___ 
2025-04-23 13:39:03,446 DEBUG    ___FILE_ONLY___ 
2025-04-23 13:39:03,490 INFO     root            descriptor_list: [{'universeDomain': 'googleapis.com', 'universeShortName': '', 'authenticationDomain': 'auth.cloud.google.com', 'projectPrefix': '', 'cloudWebDomain': 'cloud.google.com', 'documentationDomain': 'cloud.google.com', 'version': '1.0.0', 'state': 'primary', 'artifactRegistryDomain': 'pkg.dev'}]
2025-04-23 13:39:03,491 INFO     ___FILE_ONLY___ 
Update done!


2025-04-23 13:39:03,493 DEBUG    root            Chosen display Format:none
2025-04-23 13:39:03,494 INFO     root            Display format: "none"
